<?xml version="1.0" encoding="UTF-8"?>
<!-- Generated by org.testng.reporters.JUnitReportReporter -->
<testsuite hostname="Lingeswar" failures="0" tests="1" name="FLyoneTestcase.PassengerSelection" time="33.763" errors="0" timestamp="2024-01-25T00:21:29 IST" skipped="0">
  <testcase classname="FLyoneTestcase.PassengerSelection" name="Passenger" time="33.763"/>
</testsuite> <!-- FLyoneTestcase.PassengerSelection -->
