<?xml version="1.0" encoding="UTF-8"?>
<!-- Generated by org.testng.reporters.JUnitReportReporter -->
<testsuite hostname="Lingeswar" failures="0" tests="1" name="FLyoneTestcase.FlightSelect" time="8.688" errors="0" timestamp="2024-01-25T00:21:29 IST" skipped="0">
  <testcase classname="FLyoneTestcase.FlightSelect" name="Flightselected" time="8.688"/>
</testsuite> <!-- FLyoneTestcase.FlightSelect -->
