<?xml version="1.0" encoding="UTF-8"?>
<!-- Generated by org.testng.reporters.JUnitReportReporter -->
<testsuite hostname="Lingeswar" failures="0" tests="1" name="FLyoneTestcase.SearchFlight" time="11.200" errors="0" timestamp="2024-01-25T00:21:29 IST" skipped="0">
  <testcase classname="FLyoneTestcase.SearchFlight" name="FlightBooking" time="11.200"/>
</testsuite> <!-- FLyoneTestcase.SearchFlight -->
